2013-11-05T00:33:42.245Z - info: Loading model in file 'C:\dev\repos\github\temple-acm-site\app\models\article.js'.
2013-11-05T00:33:42.258Z - info: Loading model in file 'C:\dev\repos\github\temple-acm-site\app\models\user.js'.
2013-11-05T00:33:42.693Z - info: Server started on port 3000.
2013-11-05T00:35:35.470Z - info: Loading model in file 'C:\dev\repos\github\temple-acm-site\app\models\article.js'.
2013-11-05T00:35:35.481Z - info: Loading model in file 'C:\dev\repos\github\temple-acm-site\app\models\user.js'.
2013-11-05T00:35:35.917Z - info: Server started on port 3000.
2013-11-05T00:35:50.844Z - info: Loading model in file 'C:\dev\repos\github\temple-acm-site\app\models\article.js'.
2013-11-05T00:35:50.855Z - info: Loading model in file 'C:\dev\repos\github\temple-acm-site\app\models\user.js'.
2013-11-05T00:35:51.277Z - info: Server started on port 3000.
2013-11-05T00:37:47.570Z - info: Loading model in file 'C:\dev\repos\github\temple-acm-site\app\models\article.js'.
2013-11-05T00:37:47.582Z - info: Loading model in file 'C:\dev\repos\github\temple-acm-site\app\models\user.js'.
2013-11-05T00:37:48.025Z - info: Server started on port 3000.
2013-11-05T00:39:51.858Z - info: Loading model in file 'C:\dev\repos\github\temple-acm-site\app\models\article.js'.
2013-11-05T00:39:51.870Z - info: Loading model in file 'C:\dev\repos\github\temple-acm-site\app\models\user.js'.
2013-11-05T00:39:52.289Z - info: Server started on port 3000.
2013-11-05T00:44:32.287Z - info: Loading schema models:
2013-11-05T00:44:32.289Z - info: 	Loading model 'C:\dev\repos\github\temple-acm-site\app\models\article.js'.
2013-11-05T00:44:32.299Z - info: 	Loading model 'C:\dev\repos\github\temple-acm-site\app\models\user.js'.
2013-11-05T00:44:32.304Z - info: Schema model loading complete.
2013-11-05T00:44:32.725Z - info: Server started on port 3000.
2013-11-05T00:48:58.582Z - info: Loading schema models:
2013-11-05T00:48:58.584Z - info: 	Loading model 'C:\dev\repos\github\temple-acm-site\app\models\article.js'.
2013-11-05T00:48:58.594Z - info: 	Loading model 'C:\dev\repos\github\temple-acm-site\app\models\user.js'.
2013-11-05T00:48:58.600Z - info: Schema model loading complete.
2013-11-05T00:48:58.985Z - info: Express configuration bootstrap complete.
2013-11-05T00:48:58.986Z - info: Bootstrapping server HTTP routes:
2013-11-05T00:48:58.995Z - info: HTTP route bootstrap complete.
2013-11-05T00:48:59.000Z - info: Server started on port 3000.
2013-11-05T00:49:33.165Z - info: Loading schema models:
2013-11-05T00:49:33.167Z - info: 	Loading model 'C:\dev\repos\github\temple-acm-site\app\models\article.js'.
2013-11-05T00:49:33.178Z - info: 	Loading model 'C:\dev\repos\github\temple-acm-site\app\models\user.js'.
2013-11-05T00:49:33.183Z - info: Schema model loading complete.
2013-11-05T00:49:33.623Z - info: Express configuration bootstrap complete.
2013-11-05T00:49:33.624Z - info: Bootstrapping server HTTP routes:
2013-11-05T00:49:33.634Z - info: HTTP route bootstrap complete.
2013-11-05T00:49:33.639Z - info: Server started on port 3000.
2013-11-05T00:56:09.249Z - info: Bootstrapping mongoose db connection.
2013-11-05T00:56:09.262Z - info: Mongoose db connection bootstrapping complete.
2013-11-05T00:56:09.263Z - info: Loading schema models:
2013-11-05T00:56:09.266Z - info: 	Loading model 'C:\dev\repos\github\temple-acm-site\app\models\article.js'.
2013-11-05T00:56:09.277Z - info: 	Loading model 'C:\dev\repos\github\temple-acm-site\app\models\user.js'.
2013-11-05T00:56:09.284Z - info: Schema model loading complete.
2013-11-05T00:56:09.720Z - info: Express configuration bootstrapping complete.
2013-11-05T00:56:09.721Z - info: Bootstrapping server HTTP routes:
2013-11-05T00:56:09.734Z - info: HTTP route bootstrapping complete.
2013-11-05T00:56:09.745Z - info: Server started on port 3000.
2013-11-05T00:58:14.531Z - info: Bootstrapping mongoose db connection.
2013-11-05T00:58:14.540Z - info: Mongoose db connection bootstrapping complete.
2013-11-05T00:58:14.541Z - info: Loading schema models:
2013-11-05T00:58:14.545Z - info: 	Loading model 'C:\dev\repos\github\temple-acm-site\app\models\article.js'.
2013-11-05T00:58:14.553Z - info: 	Loading model 'C:\dev\repos\github\temple-acm-site\app\models\user.js'.
2013-11-05T00:58:14.557Z - info: Schema model loading complete.
2013-11-05T00:58:14.933Z - info: Express configuration bootstrapping complete.
2013-11-05T00:58:14.933Z - info: Bootstrapping server HTTP routes:
2013-11-05T00:58:14.942Z - info: 	Registering user routes.
2013-11-05T00:58:14.943Z - info: 	Registering article routes.
2013-11-05T00:58:14.945Z - info: 	Registering root routes.
2013-11-05T00:58:14.948Z - info: HTTP route bootstrapping complete.
2013-11-05T00:58:14.957Z - info: Server started on port 3000.
2013-11-05T23:52:05.698Z - info: Bootstrapping mongoose db connection.
2013-11-05T23:52:05.724Z - info: Mongoose db connection bootstrapping complete.
2013-11-05T23:52:05.724Z - info: Loading schema models:
2013-11-05T23:52:05.726Z - info: 	Loading model 'C:\dev\repos\github\temple-acm-site\app\models\article.js'.
2013-11-05T23:52:05.746Z - info: 	Loading model 'C:\dev\repos\github\temple-acm-site\app\models\user.js'.
2013-11-05T23:52:05.758Z - info: Schema model loading complete.
2013-11-05T23:52:06.725Z - info: Express configuration bootstrapping complete.
2013-11-05T23:52:06.725Z - info: Bootstrapping server HTTP routes:
2013-11-05T23:52:06.728Z - info: 	Loading controller 'C:\dev\repos\github\temple-acm-site\app\controllers\articles.js'.
2013-11-05T23:52:06.745Z - info: 		Route '/articles' registered successfully.
2013-11-05T23:52:06.746Z - error: 		Could not register route '/articles/:articleId' in controller 'C:\dev\repos\github\temple-acm-site\app\controllers\articles.js': Invalid method 'DELETE' specified when registering route..
2013-11-05T23:52:06.748Z - info: 		Parameter adapter '/articles/:articleId' registered successfully.
2013-11-05T23:52:06.749Z - info: 	Controller 'C:\dev\repos\github\temple-acm-site\app\controllers\articles.js' loaded successfully.
2013-11-05T23:52:06.750Z - info: 	Loading controller 'C:\dev\repos\github\temple-acm-site\app\controllers\root.js'.
2013-11-05T23:52:06.753Z - error: 		Could not register route '/' in controller 'C:\dev\repos\github\temple-acm-site\app\controllers\root.js': Invalid method 'GET' specified when registering route..
2013-11-05T23:52:06.754Z - info: 	Controller 'C:\dev\repos\github\temple-acm-site\app\controllers\root.js' loaded successfully.
2013-11-05T23:52:06.755Z - info: 	Loading controller 'C:\dev\repos\github\temple-acm-site\app\controllers\users.js'.
2013-11-05T23:52:06.763Z - error: 		Could not register route '/signin' in controller 'C:\dev\repos\github\temple-acm-site\app\controllers\users.js': Invalid method 'GET' specified when registering route..
2013-11-05T23:52:06.765Z - error: 		Could not register route '/signup' in controller 'C:\dev\repos\github\temple-acm-site\app\controllers\users.js': Invalid method 'GET' specified when registering route..
2013-11-05T23:52:06.766Z - error: 		Could not register route '/signout' in controller 'C:\dev\repos\github\temple-acm-site\app\controllers\users.js': Invalid method 'GET' specified when registering route..
2013-11-05T23:52:06.767Z - error: 		Could not register route '/users/me' in controller 'C:\dev\repos\github\temple-acm-site\app\controllers\users.js': Invalid method 'GET' specified when registering route..
2013-11-05T23:52:06.769Z - error: 		Could not register route '/users/:userId' in controller 'C:\dev\repos\github\temple-acm-site\app\controllers\users.js': Invalid method 'GET' specified when registering route..
2013-11-05T23:52:06.770Z - info: 		Route '/users' registered successfully.
2013-11-05T23:52:06.771Z - info: 		Route '/users/session' registered successfully.
2013-11-05T23:52:06.772Z - info: 		Route '/users/session' registered successfully.
2013-11-05T23:52:06.773Z - info: 		Parameter adapter '/users/session' registered successfully.
2013-11-05T23:52:06.774Z - info: 	Controller 'C:\dev\repos\github\temple-acm-site\app\controllers\users.js' loaded successfully.
2013-11-05T23:52:06.774Z - info: HTTP route bootstrapping complete.
2013-11-05T23:52:06.794Z - info: Server started on port 3000.
2013-11-05T23:58:13.698Z - info: Bootstrapping mongoose db connection.
2013-11-05T23:58:13.724Z - info: Mongoose db connection bootstrapping complete.
2013-11-05T23:58:13.725Z - info: Loading schema models:
2013-11-05T23:58:13.727Z - info: 	Loading model 'C:\dev\repos\github\temple-acm-site\app\models\article.js'.
2013-11-05T23:58:13.747Z - info: 	Loading model 'C:\dev\repos\github\temple-acm-site\app\models\user.js'.
2013-11-05T23:58:13.764Z - info: Schema model loading complete.
2013-11-05T23:58:14.742Z - info: Express configuration bootstrapping complete.
2013-11-05T23:58:14.743Z - info: Bootstrapping server HTTP routes:
2013-11-05T23:58:14.745Z - info: 	Loading controller 'C:\dev\repos\github\temple-acm-site\app\controllers\articles.js'.
2013-11-05T23:58:14.763Z - info: 		Route 'post /articles' registered successfully.
2013-11-05T23:58:14.764Z - error: 		Could not register route 'post /articles/:articleId' in controller 'C:\dev\repos\github\temple-acm-site\app\controllers\articles.js': Invalid method 'DELETE' specified when registering route..
2013-11-05T23:58:14.765Z - info: 		Parameter adapter '/articles/:articleId' registered successfully.
2013-11-05T23:58:14.766Z - info: 	Controller 'C:\dev\repos\github\temple-acm-site\app\controllers\articles.js' loaded successfully.
2013-11-05T23:58:14.768Z - info: 	Loading controller 'C:\dev\repos\github\temple-acm-site\app\controllers\root.js'.
2013-11-05T23:58:14.771Z - error: 		Could not register route 'undefined /' in controller 'C:\dev\repos\github\temple-acm-site\app\controllers\root.js': Invalid method 'GET' specified when registering route..
2013-11-05T23:58:14.772Z - info: 	Controller 'C:\dev\repos\github\temple-acm-site\app\controllers\root.js' loaded successfully.
2013-11-05T23:58:14.773Z - info: 	Loading controller 'C:\dev\repos\github\temple-acm-site\app\controllers\users.js'.
2013-11-05T23:58:14.781Z - error: 		Could not register route 'undefined /signin' in controller 'C:\dev\repos\github\temple-acm-site\app\controllers\users.js': Invalid method 'GET' specified when registering route..
2013-11-05T23:58:14.782Z - error: 		Could not register route 'undefined /signup' in controller 'C:\dev\repos\github\temple-acm-site\app\controllers\users.js': Invalid method 'GET' specified when registering route..
2013-11-05T23:58:14.784Z - error: 		Could not register route 'undefined /signout' in controller 'C:\dev\repos\github\temple-acm-site\app\controllers\users.js': Invalid method 'GET' specified when registering route..
2013-11-05T23:58:14.785Z - error: 		Could not register route 'undefined /users/me' in controller 'C:\dev\repos\github\temple-acm-site\app\controllers\users.js': Invalid method 'GET' specified when registering route..
2013-11-05T23:58:14.786Z - error: 		Could not register route 'undefined /users/:userId' in controller 'C:\dev\repos\github\temple-acm-site\app\controllers\users.js': Invalid method 'GET' specified when registering route..
2013-11-05T23:58:14.787Z - info: 		Route 'post /users' registered successfully.
2013-11-05T23:58:14.788Z - info: 		Route 'post /users/session' registered successfully.
2013-11-05T23:58:14.788Z - info: 		Route 'post /users/session' registered successfully.
2013-11-05T23:58:14.790Z - info: 		Parameter adapter '/users/session' registered successfully.
2013-11-05T23:58:14.790Z - info: 	Controller 'C:\dev\repos\github\temple-acm-site\app\controllers\users.js' loaded successfully.
2013-11-05T23:58:14.791Z - info: HTTP route bootstrapping complete.
2013-11-05T23:58:14.811Z - info: Server started on port 3000.
2013-11-05T23:59:53.694Z - info: Bootstrapping mongoose db connection.
2013-11-05T23:59:53.717Z - info: Mongoose db connection bootstrapping complete.
2013-11-05T23:59:53.718Z - info: Loading schema models:
2013-11-05T23:59:53.720Z - info: 	Loading model 'C:\dev\repos\github\temple-acm-site\app\models\article.js'.
2013-11-05T23:59:53.739Z - info: 	Loading model 'C:\dev\repos\github\temple-acm-site\app\models\user.js'.
2013-11-05T23:59:53.750Z - info: Schema model loading complete.
2013-11-05T23:59:54.669Z - info: Express configuration bootstrapping complete.
2013-11-05T23:59:54.670Z - info: Bootstrapping server HTTP routes:
2013-11-05T23:59:54.672Z - info: 	Loading controller 'C:\dev\repos\github\temple-acm-site\app\controllers\articles.js'.
2013-11-05T23:59:54.688Z - info: 		Route 'POST /articles' registered successfully.
2013-11-05T23:59:54.689Z - error: 		Could not register route 'post /articles/:articleId' in controller 'C:\dev\repos\github\temple-acm-site\app\controllers\articles.js': Invalid method 'DELETE' specified when registering route..
2013-11-05T23:59:54.691Z - info: 		Parameter adapter '/articles/:articleId' registered successfully.
2013-11-05T23:59:54.692Z - info: 	Controller 'C:\dev\repos\github\temple-acm-site\app\controllers\articles.js' loaded successfully.
2013-11-05T23:59:54.693Z - info: 	Loading controller 'C:\dev\repos\github\temple-acm-site\app\controllers\root.js'.
2013-11-05T23:59:54.696Z - error: 		Could not register route 'NO METHOD /' in controller 'C:\dev\repos\github\temple-acm-site\app\controllers\root.js': Invalid method 'GET' specified when registering route..
2013-11-05T23:59:54.697Z - info: 	Controller 'C:\dev\repos\github\temple-acm-site\app\controllers\root.js' loaded successfully.
2013-11-05T23:59:54.697Z - info: 	Loading controller 'C:\dev\repos\github\temple-acm-site\app\controllers\users.js'.
2013-11-05T23:59:54.705Z - error: 		Could not register route 'NO METHOD /signin' in controller 'C:\dev\repos\github\temple-acm-site\app\controllers\users.js': Invalid method 'GET' specified when registering route..
2013-11-05T23:59:54.707Z - error: 		Could not register route 'NO METHOD /signup' in controller 'C:\dev\repos\github\temple-acm-site\app\controllers\users.js': Invalid method 'GET' specified when registering route..
2013-11-05T23:59:54.708Z - error: 		Could not register route 'NO METHOD /signout' in controller 'C:\dev\repos\github\temple-acm-site\app\controllers\users.js': Invalid method 'GET' specified when registering route..
2013-11-05T23:59:54.709Z - error: 		Could not register route 'NO METHOD /users/me' in controller 'C:\dev\repos\github\temple-acm-site\app\controllers\users.js': Invalid method 'GET' specified when registering route..
2013-11-05T23:59:54.710Z - error: 		Could not register route 'NO METHOD /users/:userId' in controller 'C:\dev\repos\github\temple-acm-site\app\controllers\users.js': Invalid method 'GET' specified when registering route..
2013-11-05T23:59:54.711Z - info: 		Route 'POST /users' registered successfully.
2013-11-05T23:59:54.712Z - info: 		Route 'POST /users/session' registered successfully.
2013-11-05T23:59:54.713Z - info: 		Route 'POST /users/session' registered successfully.
2013-11-05T23:59:54.714Z - info: 		Parameter adapter '/users/session' registered successfully.
2013-11-05T23:59:54.715Z - info: 	Controller 'C:\dev\repos\github\temple-acm-site\app\controllers\users.js' loaded successfully.
2013-11-05T23:59:54.715Z - info: HTTP route bootstrapping complete.
2013-11-05T23:59:54.736Z - info: Server started on port 3000.
2013-11-06T00:00:26.305Z - info: Bootstrapping mongoose db connection.
2013-11-06T00:00:26.331Z - info: Mongoose db connection bootstrapping complete.
2013-11-06T00:00:26.331Z - info: Loading schema models:
2013-11-06T00:00:26.334Z - info: 	Loading model 'C:\dev\repos\github\temple-acm-site\app\models\article.js'.
2013-11-06T00:00:26.354Z - info: 	Loading model 'C:\dev\repos\github\temple-acm-site\app\models\user.js'.
2013-11-06T00:00:26.367Z - info: Schema model loading complete.
2013-11-06T00:00:27.299Z - info: Express configuration bootstrapping complete.
2013-11-06T00:00:27.300Z - info: Bootstrapping server HTTP routes:
2013-11-06T00:00:27.303Z - info: 	Loading controller 'C:\dev\repos\github\temple-acm-site\app\controllers\articles.js'.
2013-11-06T00:00:27.318Z - info: 		Route 'POST /articles' registered successfully.
2013-11-06T00:00:27.320Z - error: 		Could not register route 'post /articles/:articleId' in controller 'C:\dev\repos\github\temple-acm-site\app\controllers\articles.js': Invalid method 'DELETE' specified when registering route..
2013-11-06T00:00:27.321Z - info: 		Parameter adapter '/articles/:articleId' registered successfully.
2013-11-06T00:00:27.322Z - info: 	Controller 'C:\dev\repos\github\temple-acm-site\app\controllers\articles.js' loaded successfully.
2013-11-06T00:00:27.324Z - info: 	Loading controller 'C:\dev\repos\github\temple-acm-site\app\controllers\root.js'.
2013-11-06T00:00:27.326Z - error: 		Could not register route 'BAD_METHOD /' in controller 'C:\dev\repos\github\temple-acm-site\app\controllers\root.js': Invalid method 'GET' specified when registering route..
2013-11-06T00:00:27.327Z - info: 	Controller 'C:\dev\repos\github\temple-acm-site\app\controllers\root.js' loaded successfully.
2013-11-06T00:00:27.328Z - info: 	Loading controller 'C:\dev\repos\github\temple-acm-site\app\controllers\users.js'.
2013-11-06T00:00:27.337Z - error: 		Could not register route 'BAD_METHOD /signin' in controller 'C:\dev\repos\github\temple-acm-site\app\controllers\users.js': Invalid method 'GET' specified when registering route..
2013-11-06T00:00:27.338Z - error: 		Could not register route 'BAD_METHOD /signup' in controller 'C:\dev\repos\github\temple-acm-site\app\controllers\users.js': Invalid method 'GET' specified when registering route..
2013-11-06T00:00:27.340Z - error: 		Could not register route 'BAD_METHOD /signout' in controller 'C:\dev\repos\github\temple-acm-site\app\controllers\users.js': Invalid method 'GET' specified when registering route..
2013-11-06T00:00:27.342Z - error: 		Could not register route 'BAD_METHOD /users/me' in controller 'C:\dev\repos\github\temple-acm-site\app\controllers\users.js': Invalid method 'GET' specified when registering route..
2013-11-06T00:00:27.343Z - error: 		Could not register route 'BAD_METHOD /users/:userId' in controller 'C:\dev\repos\github\temple-acm-site\app\controllers\users.js': Invalid method 'GET' specified when registering route..
2013-11-06T00:00:27.344Z - info: 		Route 'POST /users' registered successfully.
2013-11-06T00:00:27.345Z - info: 		Route 'POST /users/session' registered successfully.
2013-11-06T00:00:27.346Z - info: 		Route 'POST /users/session' registered successfully.
2013-11-06T00:00:27.347Z - info: 		Parameter adapter '/users/session' registered successfully.
2013-11-06T00:00:27.348Z - info: 	Controller 'C:\dev\repos\github\temple-acm-site\app\controllers\users.js' loaded successfully.
2013-11-06T00:00:27.348Z - info: HTTP route bootstrapping complete.
2013-11-06T00:00:27.367Z - info: Server started on port 3000.
2013-11-06T00:02:08.991Z - info: Bootstrapping mongoose db connection.
2013-11-06T00:02:09.016Z - info: Mongoose db connection bootstrapping complete.
2013-11-06T00:02:09.017Z - info: Loading schema models:
2013-11-06T00:02:09.019Z - info: 	Loading model 'C:\dev\repos\github\temple-acm-site\app\models\article.js'.
2013-11-06T00:02:09.039Z - info: 	Loading model 'C:\dev\repos\github\temple-acm-site\app\models\user.js'.
2013-11-06T00:02:09.051Z - info: Schema model loading complete.
2013-11-06T00:02:09.929Z - info: Express configuration bootstrapping complete.
2013-11-06T00:02:09.930Z - info: Bootstrapping server HTTP routes:
2013-11-06T00:02:09.932Z - info: 	Loading controller 'C:\dev\repos\github\temple-acm-site\app\controllers\articles.js'.
2013-11-06T00:02:09.945Z - info: 		Route 'POST /articles' registered successfully.
2013-11-06T00:02:09.947Z - info: 		Route 'DEL /articles/:articleId' registered successfully.
2013-11-06T00:02:09.948Z - info: 		Parameter adapter '/articles/:articleId' registered successfully.
2013-11-06T00:02:09.948Z - info: 	Controller 'C:\dev\repos\github\temple-acm-site\app\controllers\articles.js' loaded successfully.
2013-11-06T00:02:09.950Z - info: 	Loading controller 'C:\dev\repos\github\temple-acm-site\app\controllers\root.js'.
2013-11-06T00:02:09.951Z - info: 		Route 'GET /' registered successfully.
2013-11-06T00:02:09.952Z - info: 	Controller 'C:\dev\repos\github\temple-acm-site\app\controllers\root.js' loaded successfully.
2013-11-06T00:02:09.953Z - info: 	Loading controller 'C:\dev\repos\github\temple-acm-site\app\controllers\users.js'.
2013-11-06T00:02:09.960Z - info: 		Route 'GET /signin' registered successfully.
2013-11-06T00:02:09.960Z - info: 		Route 'GET /signup' registered successfully.
2013-11-06T00:02:09.961Z - info: 		Route 'GET /signout' registered successfully.
2013-11-06T00:02:09.961Z - info: 		Route 'GET /users/me' registered successfully.
2013-11-06T00:02:09.962Z - info: 		Route 'GET /users/:userId' registered successfully.
2013-11-06T00:02:09.962Z - info: 		Route 'POST /users' registered successfully.
2013-11-06T00:02:09.963Z - info: 		Route 'POST /users/session' registered successfully.
2013-11-06T00:02:09.963Z - info: 		Route 'POST /users/session' registered successfully.
2013-11-06T00:02:09.964Z - info: 		Parameter adapter '/users/session' registered successfully.
2013-11-06T00:02:09.965Z - info: 	Controller 'C:\dev\repos\github\temple-acm-site\app\controllers\users.js' loaded successfully.
2013-11-06T00:02:09.966Z - info: HTTP route bootstrapping complete.
2013-11-06T00:02:09.981Z - info: Server started on port 3000.
2013-11-06T00:03:06.106Z - info: Bootstrapping mongoose db connection.
2013-11-06T00:03:06.129Z - info: Mongoose db connection bootstrapping complete.
2013-11-06T00:03:06.130Z - info: Loading schema models:
2013-11-06T00:03:06.132Z - info: 	Loading model 'C:\dev\repos\github\temple-acm-site\app\models\article.js'.
2013-11-06T00:03:06.151Z - info: 	Loading model 'C:\dev\repos\github\temple-acm-site\app\models\user.js'.
2013-11-06T00:03:06.162Z - info: Schema model loading complete.
2013-11-06T00:03:07.056Z - info: Express configuration bootstrapping complete.
2013-11-06T00:03:07.057Z - info: Bootstrapping server HTTP routes:
2013-11-06T00:03:07.059Z - info: 	Loading controller 'C:\dev\repos\github\temple-acm-site\app\controllers\articles.js'.
2013-11-06T00:03:07.073Z - info: 		Route 'POST /articles' registered successfully.
2013-11-06T00:03:07.074Z - info: 		Route 'DELETE /articles/:articleId' registered successfully.
2013-11-06T00:03:07.075Z - info: 		Parameter adapter '/articles/:articleId' registered successfully.
2013-11-06T00:03:07.076Z - info: 	Controller 'C:\dev\repos\github\temple-acm-site\app\controllers\articles.js' loaded successfully.
2013-11-06T00:03:07.077Z - info: 	Loading controller 'C:\dev\repos\github\temple-acm-site\app\controllers\root.js'.
2013-11-06T00:03:07.079Z - info: 		Route 'GET /' registered successfully.
2013-11-06T00:03:07.080Z - info: 	Controller 'C:\dev\repos\github\temple-acm-site\app\controllers\root.js' loaded successfully.
2013-11-06T00:03:07.081Z - info: 	Loading controller 'C:\dev\repos\github\temple-acm-site\app\controllers\users.js'.
2013-11-06T00:03:07.088Z - info: 		Route 'GET /signin' registered successfully.
2013-11-06T00:03:07.088Z - info: 		Route 'GET /signup' registered successfully.
2013-11-06T00:03:07.089Z - info: 		Route 'GET /signout' registered successfully.
2013-11-06T00:03:07.089Z - info: 		Route 'GET /users/me' registered successfully.
2013-11-06T00:03:07.090Z - info: 		Route 'GET /users/:userId' registered successfully.
2013-11-06T00:03:07.091Z - info: 		Route 'POST /users' registered successfully.
2013-11-06T00:03:07.091Z - info: 		Route 'POST /users/session' registered successfully.
2013-11-06T00:03:07.092Z - info: 		Route 'POST /users/session' registered successfully.
2013-11-06T00:03:07.093Z - info: 		Parameter adapter '/users/session' registered successfully.
2013-11-06T00:03:07.094Z - info: 	Controller 'C:\dev\repos\github\temple-acm-site\app\controllers\users.js' loaded successfully.
2013-11-06T00:03:07.094Z - info: HTTP route bootstrapping complete.
2013-11-06T00:03:07.111Z - info: Server started on port 3000.
2013-11-06T00:37:18.126Z - info: Bootstrapping mongoose db connection.
2013-11-06T00:37:18.136Z - info: Mongoose db connection bootstrapping complete.
2013-11-06T00:37:18.136Z - info: Loading schema models:
2013-11-06T00:37:18.137Z - info: 	Loading model 'C:\dev\repos\github\temple-acm-site\app\models\article.js'.
2013-11-06T00:37:18.146Z - info: 	Loading model 'C:\dev\repos\github\temple-acm-site\app\models\user.js'.
2013-11-06T00:37:18.151Z - info: Schema model loading complete.
2013-11-06T00:37:18.531Z - info: Express configuration bootstrapping complete.
2013-11-06T00:37:18.531Z - info: Bootstrapping server HTTP routes:
2013-11-06T00:37:18.533Z - info: 	Loading controller 'C:\dev\repos\github\temple-acm-site\app\controllers\articles.js'.
2013-11-06T00:37:18.540Z - info: 		Route 'POST /articles' registered successfully.
2013-11-06T00:37:18.541Z - info: 		Route 'DELETE /articles/:articleId' registered successfully.
2013-11-06T00:37:18.541Z - info: 		Parameter adapter '/articles/:articleId' registered successfully.
2013-11-06T00:37:18.542Z - info: 	Controller 'C:\dev\repos\github\temple-acm-site\app\controllers\articles.js' loaded successfully.
2013-11-06T00:37:18.542Z - info: 	Loading controller 'C:\dev\repos\github\temple-acm-site\app\controllers\root.js'.
2013-11-06T00:37:18.543Z - info: 		Route 'GET /' registered successfully.
2013-11-06T00:37:18.544Z - info: 	Controller 'C:\dev\repos\github\temple-acm-site\app\controllers\root.js' loaded successfully.
2013-11-06T00:37:18.545Z - info: 	Loading controller 'C:\dev\repos\github\temple-acm-site\app\controllers\users.js'.
2013-11-06T00:37:18.548Z - info: 		Route 'GET /signin' registered successfully.
2013-11-06T00:37:18.548Z - info: 		Route 'GET /signup' registered successfully.
2013-11-06T00:37:18.549Z - info: 		Route 'GET /signout' registered successfully.
2013-11-06T00:37:18.549Z - info: 		Route 'GET /users/me' registered successfully.
2013-11-06T00:37:18.550Z - info: 		Route 'GET /users/:userId' registered successfully.
2013-11-06T00:37:18.550Z - info: 		Route 'POST /users' registered successfully.
2013-11-06T00:37:18.550Z - info: 		Route 'POST /users/session' registered successfully.
2013-11-06T00:37:18.551Z - info: 		Route 'POST /users/session' registered successfully.
2013-11-06T00:37:18.552Z - info: 		Parameter adapter '/users/session' registered successfully.
2013-11-06T00:37:18.552Z - info: 	Controller 'C:\dev\repos\github\temple-acm-site\app\controllers\users.js' loaded successfully.
2013-11-06T00:37:18.553Z - info: HTTP route bootstrapping complete.
2013-11-06T00:37:18.560Z - info: Server started on port 3000.
2013-11-06T00:55:06.480Z - info: Bootstrapping mongoose db connection.
2013-11-06T00:55:06.497Z - info: Mongoose db connection bootstrapping complete.
2013-11-06T00:55:06.498Z - info: Loading schema models:
2013-11-06T00:55:06.499Z - info: 	Loading model 'C:\dev\repos\github\temple-acm-site\app\models\article.js'.
2013-11-06T00:55:06.507Z - info: 	Loading model 'C:\dev\repos\github\temple-acm-site\app\models\user.js'.
2013-11-06T00:55:06.511Z - info: Schema model loading complete.
2013-11-06T00:55:06.932Z - info: Express configuration bootstrapping complete.
2013-11-06T00:55:06.932Z - info: Bootstrapping server HTTP routes:
2013-11-06T00:55:06.933Z - info: 	Loading controller 'C:\dev\repos\github\temple-acm-site\app\controllers\articles.js'.
2013-11-06T00:55:06.940Z - info: 		Route 'POST /articles' registered successfully.
2013-11-06T00:55:06.941Z - info: 		Route 'DELETE /articles/:articleId' registered successfully.
2013-11-06T00:55:06.941Z - info: 		Parameter adapter '/articles/:articleId' registered successfully.
2013-11-06T00:55:06.942Z - info: 	Controller 'C:\dev\repos\github\temple-acm-site\app\controllers\articles.js' loaded successfully.
2013-11-06T00:55:06.943Z - info: 	Loading controller 'C:\dev\repos\github\temple-acm-site\app\controllers\root.js'.
2013-11-06T00:55:06.944Z - info: 		Route 'GET /' registered successfully.
2013-11-06T00:55:06.944Z - info: 	Controller 'C:\dev\repos\github\temple-acm-site\app\controllers\root.js' loaded successfully.
2013-11-06T00:55:06.945Z - info: 	Loading controller 'C:\dev\repos\github\temple-acm-site\app\controllers\users.js'.
2013-11-06T00:55:06.948Z - info: 		Route 'GET /signin' registered successfully.
2013-11-06T00:55:06.949Z - info: 		Route 'GET /signup' registered successfully.
2013-11-06T00:55:06.949Z - info: 		Route 'GET /signout' registered successfully.
2013-11-06T00:55:06.950Z - info: 		Route 'GET /users/me' registered successfully.
2013-11-06T00:55:06.950Z - info: 		Route 'GET /users/:userId' registered successfully.
2013-11-06T00:55:06.951Z - info: 		Route 'POST /users' registered successfully.
2013-11-06T00:55:06.951Z - info: 		Route 'POST /users/session' registered successfully.
2013-11-06T00:55:06.952Z - info: 		Route 'POST /users/session' registered successfully.
2013-11-06T00:55:06.952Z - info: 		Parameter adapter '/users/session' registered successfully.
2013-11-06T00:55:06.953Z - info: 	Controller 'C:\dev\repos\github\temple-acm-site\app\controllers\users.js' loaded successfully.
2013-11-06T00:55:06.953Z - info: HTTP route bootstrapping complete.
2013-11-06T00:55:06.961Z - info: Server started on port 3000.
2013-11-06T03:19:14.687Z - info: Bootstrapping mongoose db connection.
2013-11-06T03:19:14.697Z - info: Mongoose db connection bootstrapping complete.
2013-11-06T03:19:14.697Z - info: Loading schema models:
2013-11-06T03:19:14.698Z - info: 	Loading model 'C:\dev\repos\github\temple-acm-site\app\models\article.js'.
2013-11-06T03:19:14.708Z - info: 	Loading model 'C:\dev\repos\github\temple-acm-site\app\models\user.js'.
2013-11-06T03:19:14.717Z - info: Schema model loading complete.
2013-11-06T03:19:15.492Z - info: Express configuration bootstrapping complete.
2013-11-06T03:19:15.493Z - info: Bootstrapping server HTTP routes:
2013-11-06T03:19:15.494Z - info: 	Loading controller 'C:\dev\repos\github\temple-acm-site\app\controllers\articles.js'.
2013-11-06T03:19:15.499Z - info: 		Route 'GET /articles' registered successfully.
2013-11-06T03:19:15.500Z - info: 		Route 'POST /articles' registered successfully.
2013-11-06T03:19:15.500Z - info: 		Route 'GET /articles/:articleId' registered successfully.
2013-11-06T03:19:15.501Z - info: 		Route 'PUT /articles/:articleId' registered successfully.
2013-11-06T03:19:15.502Z - info: 		Route 'DELETE /articles/:articleId' registered successfully.
2013-11-06T03:19:15.502Z - info: 		Parameter adapter '%s' registered successfully.
2013-11-06T03:19:15.503Z - info: 	Controller 'C:\dev\repos\github\temple-acm-site\app\controllers\articles.js' loaded successfully.
2013-11-06T03:19:15.503Z - info: 	Loading controller 'C:\dev\repos\github\temple-acm-site\app\controllers\root.js'.
2013-11-06T03:19:15.507Z - error: 		Could not register route 'GET undefined' in controller 'C:\dev\repos\github\temple-acm-site\app\controllers\root.js': Route path 'undefined' was not a valid string.
2013-11-06T03:19:15.508Z - info: 	Controller 'C:\dev\repos\github\temple-acm-site\app\controllers\root.js' loaded successfully.
2013-11-06T03:19:15.508Z - info: 	Loading controller 'C:\dev\repos\github\temple-acm-site\app\controllers\users.js'.
2013-11-06T03:19:15.512Z - info: 		Route 'GET /signin' registered successfully.
2013-11-06T03:19:15.512Z - info: 		Route 'GET /signup' registered successfully.
2013-11-06T03:19:15.513Z - info: 		Route 'GET /signout' registered successfully.
2013-11-06T03:19:15.513Z - info: 		Route 'GET /users/me' registered successfully.
2013-11-06T03:19:15.514Z - info: 		Route 'GET /users/:userId' registered successfully.
2013-11-06T03:19:15.514Z - info: 		Route 'POST /users' registered successfully.
2013-11-06T03:19:15.515Z - warn: 		Route 'POST /users/session' provided an invalid handler in its handlers list.
2013-11-06T03:19:15.515Z - warn: 		Route 'POST /users/session' provided an invalid handler in its handlers list.
2013-11-06T03:19:15.516Z - error: 		Route 'POST /users/session' NOT registered successfully.
2013-11-06T03:19:15.516Z - info: 		Parameter adapter '%s' registered successfully.
2013-11-06T03:19:15.517Z - info: 	Controller 'C:\dev\repos\github\temple-acm-site\app\controllers\users.js' loaded successfully.
2013-11-06T03:19:15.517Z - info: HTTP route bootstrapping complete.
2013-11-06T03:19:15.527Z - info: Server started on port 3000.
2013-11-06T03:19:15.535Z - info: 	Loading controller 'C:\dev\repos\github\temple-acm-site\app\controllers\articles.js'.
2013-11-06T03:19:15.537Z - error: 		Could not register route 'GET /articles' in controller 'C:\dev\repos\github\temple-acm-site\app\controllers\articles.js': Cannot call method 'get' of null.
2013-11-06T03:19:15.537Z - error: 		Could not register route 'POST /articles' in controller 'C:\dev\repos\github\temple-acm-site\app\controllers\articles.js': Cannot call method 'post' of null.
2013-11-06T03:19:15.538Z - error: 		Could not register route 'GET /articles/:articleId' in controller 'C:\dev\repos\github\temple-acm-site\app\controllers\articles.js': Cannot call method 'get' of null.
2013-11-06T03:19:15.539Z - error: 		Could not register route 'PUT /articles/:articleId' in controller 'C:\dev\repos\github\temple-acm-site\app\controllers\articles.js': Cannot call method 'put' of null.
2013-11-06T03:19:15.540Z - error: 		Could not register route 'DELETE /articles/:articleId' in controller 'C:\dev\repos\github\temple-acm-site\app\controllers\articles.js': Cannot call method 'del' of null.
2013-11-06T03:19:15.540Z - error: 		Could not register parameter adapter 'articleId' in controller 'C:\dev\repos\github\temple-acm-site\app\controllers\articles.js': Cannot call method 'param' of null.
2013-11-06T03:19:15.541Z - info: 	Controller 'C:\dev\repos\github\temple-acm-site\app\controllers\articles.js' loaded successfully.
2013-11-06T03:19:15.542Z - info: 	Loading controller 'C:\dev\repos\github\temple-acm-site\app\controllers\root.js'.
2013-11-06T03:19:15.542Z - error: 		Could not register route 'GET undefined' in controller 'C:\dev\repos\github\temple-acm-site\app\controllers\root.js': Route path 'undefined' was not a valid string.
2013-11-06T03:19:15.543Z - info: 	Controller 'C:\dev\repos\github\temple-acm-site\app\controllers\root.js' loaded successfully.
2013-11-06T03:19:15.544Z - info: 	Loading controller 'C:\dev\repos\github\temple-acm-site\app\controllers\users.js'.
2013-11-06T03:19:15.544Z - error: 		Could not register route 'GET /signin' in controller 'C:\dev\repos\github\temple-acm-site\app\controllers\users.js': Cannot call method 'get' of null.
2013-11-06T03:19:15.545Z - error: 		Could not register route 'GET /signup' in controller 'C:\dev\repos\github\temple-acm-site\app\controllers\users.js': Cannot call method 'get' of null.
2013-11-06T03:19:15.545Z - error: 		Could not register route 'GET /signout' in controller 'C:\dev\repos\github\temple-acm-site\app\controllers\users.js': Cannot call method 'get' of null.
2013-11-06T03:19:15.546Z - error: 		Could not register route 'GET /users/me' in controller 'C:\dev\repos\github\temple-acm-site\app\controllers\users.js': Cannot call method 'get' of null.
2013-11-06T03:19:15.547Z - error: 		Could not register route 'GET /users/:userId' in controller 'C:\dev\repos\github\temple-acm-site\app\controllers\users.js': Cannot call method 'get' of null.
2013-11-06T03:19:15.547Z - error: 		Could not register route 'POST /users' in controller 'C:\dev\repos\github\temple-acm-site\app\controllers\users.js': Cannot call method 'post' of null.
2013-11-06T03:19:15.548Z - warn: 		Route 'POST /users/session' provided an invalid handler in its handlers list.
2013-11-06T03:19:15.548Z - warn: 		Route 'POST /users/session' provided an invalid handler in its handlers list.
2013-11-06T03:19:15.549Z - error: 		Route 'POST /users/session' NOT registered successfully.
2013-11-06T03:19:15.552Z - error: 		Could not register parameter adapter 'userId' in controller 'C:\dev\repos\github\temple-acm-site\app\controllers\users.js': Cannot call method 'param' of null.
2013-11-06T03:19:15.552Z - info: 	Controller 'C:\dev\repos\github\temple-acm-site\app\controllers\users.js' loaded successfully.
2013-11-06T03:19:15.553Z - info: 	Loading controller 'C:\dev\repos\github\temple-acm-site\app\controllers\articles.js'.
2013-11-06T03:19:15.554Z - error: 		Could not register route 'GET /articles' in controller 'C:\dev\repos\github\temple-acm-site\app\controllers\articles.js': Cannot call method 'get' of null.
2013-11-06T03:19:15.555Z - error: 		Could not register route 'POST /articles' in controller 'C:\dev\repos\github\temple-acm-site\app\controllers\articles.js': Cannot call method 'post' of null.
2013-11-06T03:19:15.556Z - error: 		Could not register route 'GET /articles/:articleId' in controller 'C:\dev\repos\github\temple-acm-site\app\controllers\articles.js': Cannot call method 'get' of null.
2013-11-06T03:19:15.557Z - error: 		Could not register route 'PUT /articles/:articleId' in controller 'C:\dev\repos\github\temple-acm-site\app\controllers\articles.js': Cannot call method 'put' of null.
2013-11-06T03:19:15.570Z - error: 		Could not register route 'DELETE /articles/:articleId' in controller 'C:\dev\repos\github\temple-acm-site\app\controllers\articles.js': Cannot call method 'del' of null.
2013-11-06T03:19:15.571Z - error: 		Could not register parameter adapter 'articleId' in controller 'C:\dev\repos\github\temple-acm-site\app\controllers\articles.js': Cannot call method 'param' of null.
2013-11-06T03:19:15.571Z - info: 	Controller 'C:\dev\repos\github\temple-acm-site\app\controllers\articles.js' loaded successfully.
2013-11-06T03:19:15.572Z - info: 	Loading controller 'C:\dev\repos\github\temple-acm-site\app\controllers\root.js'.
2013-11-06T03:19:15.573Z - error: 		Could not register route 'GET undefined' in controller 'C:\dev\repos\github\temple-acm-site\app\controllers\root.js': Route path 'undefined' was not a valid string.
2013-11-06T03:19:15.577Z - info: 	Controller 'C:\dev\repos\github\temple-acm-site\app\controllers\root.js' loaded successfully.
2013-11-06T03:19:15.590Z - info: 	Loading controller 'C:\dev\repos\github\temple-acm-site\app\controllers\users.js'.
2013-11-06T03:19:15.591Z - error: 		Could not register route 'GET /signin' in controller 'C:\dev\repos\github\temple-acm-site\app\controllers\users.js': Cannot call method 'get' of null.
2013-11-06T03:19:15.591Z - error: 		Could not register route 'GET /signup' in controller 'C:\dev\repos\github\temple-acm-site\app\controllers\users.js': Cannot call method 'get' of null.
2013-11-06T03:19:15.592Z - error: 		Could not register route 'GET /signout' in controller 'C:\dev\repos\github\temple-acm-site\app\controllers\users.js': Cannot call method 'get' of null.
2013-11-06T03:19:15.593Z - error: 		Could not register route 'GET /users/me' in controller 'C:\dev\repos\github\temple-acm-site\app\controllers\users.js': Cannot call method 'get' of null.
2013-11-06T03:19:15.593Z - error: 		Could not register route 'GET /users/:userId' in controller 'C:\dev\repos\github\temple-acm-site\app\controllers\users.js': Cannot call method 'get' of null.
2013-11-06T03:19:15.594Z - error: 		Could not register route 'POST /users' in controller 'C:\dev\repos\github\temple-acm-site\app\controllers\users.js': Cannot call method 'post' of null.
2013-11-06T03:19:15.602Z - warn: 		Route 'POST /users/session' provided an invalid handler in its handlers list.
2013-11-06T03:19:15.602Z - warn: 		Route 'POST /users/session' provided an invalid handler in its handlers list.
2013-11-06T03:19:15.603Z - error: 		Route 'POST /users/session' NOT registered successfully.
2013-11-06T03:19:15.604Z - error: 		Could not register parameter adapter 'userId' in controller 'C:\dev\repos\github\temple-acm-site\app\controllers\users.js': Cannot call method 'param' of null.
2013-11-06T03:19:15.604Z - info: 	Controller 'C:\dev\repos\github\temple-acm-site\app\controllers\users.js' loaded successfully.
2013-11-06T03:23:15.678Z - info: Bootstrapping mongoose db connection.
2013-11-06T03:23:15.688Z - info: Mongoose db connection bootstrapping complete.
2013-11-06T03:23:15.688Z - info: Loading schema models:
2013-11-06T03:23:15.689Z - info: 	Loading model 'C:\dev\repos\github\temple-acm-site\app\models\article.js'.
2013-11-06T03:23:15.697Z - info: 	Loading model 'C:\dev\repos\github\temple-acm-site\app\models\user.js'.
2013-11-06T03:23:15.701Z - info: Schema model loading complete.
2013-11-06T03:23:16.103Z - info: Express configuration bootstrapping complete.
2013-11-06T03:23:16.103Z - info: Bootstrapping server HTTP routes:
2013-11-06T03:23:16.104Z - info: 	Loading controller 'C:\dev\repos\github\temple-acm-site\app\controllers\articles.js'.
2013-11-06T03:23:16.110Z - info: 		Route 'GET /articles' registered successfully.
2013-11-06T03:23:16.110Z - info: 		Route 'POST /articles' registered successfully.
2013-11-06T03:23:16.111Z - info: 		Route 'GET /articles/:articleId' registered successfully.
2013-11-06T03:23:16.111Z - info: 		Route 'PUT /articles/:articleId' registered successfully.
2013-11-06T03:23:16.112Z - info: 		Route 'DELETE /articles/:articleId' registered successfully.
2013-11-06T03:23:16.113Z - info: 		Parameter adapter '%s' registered successfully. path=/articles/:articleId, method=DELETE, permissions=[creator, articleDestroyer], handler=undefined
2013-11-06T03:23:16.113Z - info: 	Controller 'C:\dev\repos\github\temple-acm-site\app\controllers\articles.js' loaded successfully.
2013-11-06T03:23:16.114Z - info: 	Loading controller 'C:\dev\repos\github\temple-acm-site\app\controllers\root.js'.
2013-11-06T03:23:16.115Z - info: 	Controller 'C:\dev\repos\github\temple-acm-site\app\controllers\root.js' loaded successfully.
2013-11-06T03:23:16.116Z - info: 	Loading controller 'C:\dev\repos\github\temple-acm-site\app\controllers\users.js'.
2013-11-06T03:23:16.119Z - info: 		Route 'GET /signin' registered successfully.
2013-11-06T03:23:16.119Z - info: 		Route 'GET /signup' registered successfully.
2013-11-06T03:23:16.120Z - info: 		Route 'GET /signout' registered successfully.
2013-11-06T03:23:16.120Z - info: 		Route 'GET /users/me' registered successfully.
2013-11-06T03:23:16.121Z - info: 		Route 'GET /users/:userId' registered successfully.
2013-11-06T03:23:16.121Z - info: 		Route 'POST /users' registered successfully.
2013-11-06T03:23:16.122Z - warn: 		Route 'POST /users/session' provided an invalid handler in its handlers list.
2013-11-06T03:23:16.122Z - warn: 		Route 'POST /users/session' provided an invalid handler in its handlers list.
2013-11-06T03:23:16.123Z - error: 		Route 'POST /users/session' NOT registered successfully.
2013-11-06T03:23:16.123Z - info: 		Parameter adapter '%s' registered successfully. path=/users/session, method=POST, handlers=[undefined, undefined]
2013-11-06T03:23:16.123Z - info: 	Controller 'C:\dev\repos\github\temple-acm-site\app\controllers\users.js' loaded successfully.
2013-11-06T03:23:16.124Z - info: HTTP route bootstrapping complete.
2013-11-06T03:23:16.133Z - info: Server started on port 3000.
2013-11-06T03:27:21.968Z - info: Bootstrapping mongoose db connection.
2013-11-06T03:27:21.978Z - info: Mongoose db connection bootstrapping complete.
2013-11-06T03:27:21.978Z - info: Loading schema models:
2013-11-06T03:27:21.979Z - info: 	Loading model 'C:\dev\repos\github\temple-acm-site\app\models\article.js'.
2013-11-06T03:27:21.986Z - info: 	Loading model 'C:\dev\repos\github\temple-acm-site\app\models\user.js'.
2013-11-06T03:27:21.993Z - info: Schema model loading complete.
2013-11-06T03:27:22.403Z - info: Express configuration bootstrapping complete.
2013-11-06T03:27:22.403Z - info: Bootstrapping server HTTP routes:
2013-11-06T03:27:22.404Z - info: 	Loading controller 'C:\dev\repos\github\temple-acm-site\app\controllers\articles.js'.
2013-11-06T03:27:22.412Z - info: 		Route 'GET /articles' registered successfully.
2013-11-06T03:27:22.412Z - info: 		Route 'POST /articles' registered successfully.
2013-11-06T03:27:22.413Z - info: 		Route 'GET /articles/:articleId' registered successfully.
2013-11-06T03:27:22.413Z - info: 		Route 'PUT /articles/:articleId' registered successfully.
2013-11-06T03:27:22.414Z - info: 		Route 'DELETE /articles/:articleId' registered successfully.
2013-11-06T03:27:22.415Z - info: 		Parameter adapter for parameter 'articleId' registered successfully.
2013-11-06T03:27:22.415Z - info: 	Controller 'C:\dev\repos\github\temple-acm-site\app\controllers\articles.js' loaded successfully.
2013-11-06T03:27:22.416Z - info: 	Loading controller 'C:\dev\repos\github\temple-acm-site\app\controllers\root.js'.
2013-11-06T03:27:22.417Z - info: 	Controller 'C:\dev\repos\github\temple-acm-site\app\controllers\root.js' loaded successfully.
2013-11-06T03:27:22.417Z - info: 	Loading controller 'C:\dev\repos\github\temple-acm-site\app\controllers\users.js'.
2013-11-06T03:27:22.422Z - info: 		Route 'GET /signin' registered successfully.
2013-11-06T03:27:22.423Z - info: 		Route 'GET /signup' registered successfully.
2013-11-06T03:27:22.424Z - info: 		Route 'GET /signout' registered successfully.
2013-11-06T03:27:22.425Z - info: 		Route 'GET /users/me' registered successfully.
2013-11-06T03:27:22.425Z - info: 		Route 'GET /users/:userId' registered successfully.
2013-11-06T03:27:22.426Z - info: 		Route 'POST /users' registered successfully.
2013-11-06T03:27:22.427Z - warn: 		Route 'POST /users/session' provided an invalid handler in its handlers list.
2013-11-06T03:27:22.428Z - warn: 		Route 'POST /users/session' provided an invalid handler in its handlers list.
2013-11-06T03:27:22.429Z - error: 		Route 'POST /users/session' NOT registered successfully.
2013-11-06T03:27:22.429Z - info: 		Parameter adapter for parameter 'userId' registered successfully.
2013-11-06T03:27:22.430Z - info: 	Controller 'C:\dev\repos\github\temple-acm-site\app\controllers\users.js' loaded successfully.
2013-11-06T03:27:22.431Z - info: HTTP route bootstrapping complete.
2013-11-06T03:27:22.443Z - info: Server started on port 3000.
2013-11-06T03:28:29.335Z - info: Bootstrapping mongoose db connection.
2013-11-06T03:28:29.346Z - info: Mongoose db connection bootstrapping complete.
2013-11-06T03:28:29.346Z - info: Loading schema models:
2013-11-06T03:28:29.352Z - info: 	Loading model 'C:\dev\repos\github\temple-acm-site\app\models\article.js'.
2013-11-06T03:28:29.358Z - info: 	Loading model 'C:\dev\repos\github\temple-acm-site\app\models\user.js'.
2013-11-06T03:28:29.363Z - info: Schema model loading complete.
2013-11-06T03:28:29.798Z - info: Express configuration bootstrapping complete.
2013-11-06T03:28:29.800Z - info: Bootstrapping server HTTP routes:
2013-11-06T03:28:29.803Z - info: 	Loading controller 'C:\dev\repos\github\temple-acm-site\app\controllers\articles.js'.
2013-11-06T03:28:29.810Z - info: 		Route 'GET /articles' registered successfully.
2013-11-06T03:28:29.810Z - info: 		Route 'POST /articles' registered successfully.
2013-11-06T03:28:29.812Z - info: 		Route 'GET /articles/:articleId' registered successfully.
2013-11-06T03:28:29.821Z - info: 		Route 'PUT /articles/:articleId' registered successfully.
2013-11-06T03:28:29.824Z - info: 		Route 'DELETE /articles/:articleId' registered successfully.
2013-11-06T03:28:29.826Z - info: 		Parameter adapter for parameter 'articleId' registered successfully.
2013-11-06T03:28:29.828Z - info: 	Controller 'C:\dev\repos\github\temple-acm-site\app\controllers\articles.js' loaded successfully.
2013-11-06T03:28:29.835Z - info: 	Loading controller 'C:\dev\repos\github\temple-acm-site\app\controllers\root.js'.
2013-11-06T03:28:29.839Z - info: 	Controller 'C:\dev\repos\github\temple-acm-site\app\controllers\root.js' loaded successfully.
2013-11-06T03:28:29.841Z - info: 	Loading controller 'C:\dev\repos\github\temple-acm-site\app\controllers\users.js'.
2013-11-06T03:28:29.846Z - info: 		Route 'GET /signin' registered successfully.
2013-11-06T03:28:29.846Z - info: 		Route 'GET /signup' registered successfully.
2013-11-06T03:28:29.854Z - info: 		Route 'GET /signout' registered successfully.
2013-11-06T03:28:29.856Z - info: 		Route 'GET /users/me' registered successfully.
2013-11-06T03:28:29.860Z - info: 		Route 'GET /users/:userId' registered successfully.
2013-11-06T03:28:29.862Z - info: 		Route 'POST /users' registered successfully.
2013-11-06T03:28:29.870Z - info: 		Route 'POST /users/session' registered successfully.
2013-11-06T03:28:29.873Z - info: 		Parameter adapter for parameter 'userId' registered successfully.
2013-11-06T03:28:29.875Z - info: 	Controller 'C:\dev\repos\github\temple-acm-site\app\controllers\users.js' loaded successfully.
2013-11-06T03:28:29.877Z - info: HTTP route bootstrapping complete.
2013-11-06T03:28:29.887Z - info: Server started on port 3000.
2013-11-06T03:31:38.508Z - info: Bootstrapping mongoose db connection.
2013-11-06T03:31:38.518Z - info: Mongoose db connection bootstrapping complete.
2013-11-06T03:31:38.519Z - info: Loading schema models:
2013-11-06T03:31:38.522Z - info: 	Loading model 'C:\dev\repos\github\temple-acm-site\app\models\article.js'.
2013-11-06T03:31:38.530Z - info: 	Loading model 'C:\dev\repos\github\temple-acm-site\app\models\user.js'.
2013-11-06T03:31:38.535Z - info: Schema model loading complete.
2013-11-06T03:31:38.937Z - info: Express configuration bootstrapping complete.
2013-11-06T03:31:38.937Z - info: Bootstrapping server HTTP routes:
2013-11-06T03:31:38.939Z - info: 	Loading controller 'C:\dev\repos\github\temple-acm-site\app\controllers\articles.js'.
2013-11-06T03:31:38.945Z - info: 		Route 'GET /articles' registered successfully.
2013-11-06T03:31:38.946Z - info: 		Route 'POST /articles' registered successfully.
2013-11-06T03:31:38.949Z - info: 		Route 'GET /articles/:articleId' registered successfully.
2013-11-06T03:31:38.952Z - info: 		Route 'PUT /articles/:articleId' registered successfully.
2013-11-06T03:31:38.955Z - info: 		Route 'DELETE /articles/:articleId' registered successfully.
2013-11-06T03:31:38.957Z - info: 		Parameter adapter for parameter 'articleId' registered successfully.
2013-11-06T03:31:38.965Z - info: 	Controller 'C:\dev\repos\github\temple-acm-site\app\controllers\articles.js' loaded successfully.
2013-11-06T03:31:38.967Z - info: 	Loading controller 'C:\dev\repos\github\temple-acm-site\app\controllers\root.js'.
2013-11-06T03:31:38.970Z - warn: 		No routes were registered.
2013-11-06T03:31:38.973Z - info: 	Controller 'C:\dev\repos\github\temple-acm-site\app\controllers\root.js' loaded successfully.
2013-11-06T03:31:38.976Z - info: 	Loading controller 'C:\dev\repos\github\temple-acm-site\app\controllers\users.js'.
2013-11-06T03:31:38.983Z - info: 		Route 'GET /signin' registered successfully.
2013-11-06T03:31:38.986Z - info: 		Route 'GET /signup' registered successfully.
2013-11-06T03:31:38.988Z - info: 		Route 'GET /signout' registered successfully.
2013-11-06T03:31:38.991Z - info: 		Route 'GET /users/me' registered successfully.
2013-11-06T03:31:38.999Z - info: 		Route 'GET /users/:userId' registered successfully.
2013-11-06T03:31:39.001Z - info: 		Route 'POST /users' registered successfully.
2013-11-06T03:31:39.004Z - info: 		Route 'POST /users/session' registered successfully.
2013-11-06T03:31:39.007Z - info: 		Parameter adapter for parameter 'userId' registered successfully.
2013-11-06T03:31:39.015Z - info: 	Controller 'C:\dev\repos\github\temple-acm-site\app\controllers\users.js' loaded successfully.
2013-11-06T03:31:39.019Z - info: HTTP route bootstrapping complete.
2013-11-06T03:31:39.028Z - info: Server started on port 3000.
2013-11-06T03:32:19.707Z - info: Bootstrapping mongoose db connection.
2013-11-06T03:32:19.717Z - info: Mongoose db connection bootstrapping complete.
2013-11-06T03:32:19.717Z - info: Loading schema models:
2013-11-06T03:32:19.721Z - info: 	Loading model 'C:\dev\repos\github\temple-acm-site\app\models\article.js'.
2013-11-06T03:32:19.729Z - info: 	Loading model 'C:\dev\repos\github\temple-acm-site\app\models\user.js'.
2013-11-06T03:32:19.734Z - info: Schema model loading complete.
2013-11-06T03:32:20.119Z - info: Express configuration bootstrapping complete.
2013-11-06T03:32:20.120Z - info: Bootstrapping server HTTP routes:
2013-11-06T03:32:20.124Z - info: 	Loading controller 'C:\dev\repos\github\temple-acm-site\app\controllers\articles.js'.
2013-11-06T03:32:20.130Z - info: 		Route 'GET /articles' registered successfully.
2013-11-06T03:32:20.131Z - info: 		Route 'POST /articles' registered successfully.
2013-11-06T03:32:20.137Z - info: 		Route 'GET /articles/:articleId' registered successfully.
2013-11-06T03:32:20.140Z - info: 		Route 'PUT /articles/:articleId' registered successfully.
2013-11-06T03:32:20.143Z - info: 		Route 'DELETE /articles/:articleId' registered successfully.
2013-11-06T03:32:20.146Z - info: 		Parameter adapter for parameter 'articleId' registered successfully.
2013-11-06T03:32:20.148Z - info: 	Controller 'C:\dev\repos\github\temple-acm-site\app\controllers\articles.js' loaded successfully.
2013-11-06T03:32:20.157Z - info: 	Loading controller 'C:\dev\repos\github\temple-acm-site\app\controllers\root.js'.
2013-11-06T03:32:20.160Z - info: 		Route 'GET /' registered successfully.
2013-11-06T03:32:20.163Z - info: 	Controller 'C:\dev\repos\github\temple-acm-site\app\controllers\root.js' loaded successfully.
2013-11-06T03:32:20.170Z - info: 	Loading controller 'C:\dev\repos\github\temple-acm-site\app\controllers\users.js'.
2013-11-06T03:32:20.174Z - info: 		Route 'GET /signin' registered successfully.
2013-11-06T03:32:20.176Z - info: 		Route 'GET /signup' registered successfully.
2013-11-06T03:32:20.179Z - info: 		Route 'GET /signout' registered successfully.
2013-11-06T03:32:20.181Z - info: 		Route 'GET /users/me' registered successfully.
2013-11-06T03:32:20.189Z - info: 		Route 'GET /users/:userId' registered successfully.
2013-11-06T03:32:20.192Z - info: 		Route 'POST /users' registered successfully.
2013-11-06T03:32:20.194Z - info: 		Route 'POST /users/session' registered successfully.
2013-11-06T03:32:20.197Z - info: 		Parameter adapter for parameter 'userId' registered successfully.
2013-11-06T03:32:20.204Z - info: 	Controller 'C:\dev\repos\github\temple-acm-site\app\controllers\users.js' loaded successfully.
2013-11-06T03:32:20.207Z - info: HTTP route bootstrapping complete.
2013-11-06T03:32:20.216Z - info: Server started on port 3000.
2013-11-06T03:42:48.000Z - info: Bootstrapping mongoose db connection.
2013-11-06T03:42:48.009Z - info: Mongoose db connection bootstrapping complete.
2013-11-06T03:42:48.010Z - info: Loading schema models:
2013-11-06T03:42:48.011Z - info: 	Loading model 'C:\dev\repos\github\temple-acm-site\app\models\article.js'.
2013-11-06T03:42:48.021Z - info: 	Loading model 'C:\dev\repos\github\temple-acm-site\app\models\user.js'.
2013-11-06T03:42:48.026Z - info: Schema model loading complete.
2013-11-06T03:42:48.435Z - info: Express configuration bootstrapping complete.
2013-11-06T03:42:48.437Z - info: Bootstrapping server HTTP routes:
2013-11-06T03:42:48.440Z - info: 	Loading controller 'C:\dev\repos\github\temple-acm-site\app\controllers\articles.js'.
2013-11-06T03:42:48.446Z - info: 		Route 'GET /articles' registered successfully.
2013-11-06T03:42:48.447Z - info: 		Route 'POST /articles' registered successfully.
2013-11-06T03:42:48.448Z - info: 		Route 'GET /articles/:articleId' registered successfully.
2013-11-06T03:42:48.449Z - info: 		Route 'PUT /articles/:articleId' registered successfully.
2013-11-06T03:42:48.450Z - info: 		Route 'DELETE /articles/:articleId' registered successfully.
2013-11-06T03:42:48.451Z - info: 		Parameter adapter for parameter 'articleId' registered successfully.
2013-11-06T03:42:48.451Z - info: 	Controller 'C:\dev\repos\github\temple-acm-site\app\controllers\articles.js' loaded successfully.
2013-11-06T03:42:48.452Z - info: 	Loading controller 'C:\dev\repos\github\temple-acm-site\app\controllers\root.js'.
2013-11-06T03:42:48.454Z - info: 		Route 'GET /' registered successfully.
2013-11-06T03:42:48.455Z - info: 	Controller 'C:\dev\repos\github\temple-acm-site\app\controllers\root.js' loaded successfully.
2013-11-06T03:42:48.455Z - info: 	Loading controller 'C:\dev\repos\github\temple-acm-site\app\controllers\users.js'.
2013-11-06T03:42:48.459Z - info: 		Route 'GET /signin' registered successfully.
2013-11-06T03:42:48.460Z - info: 		Route 'GET /signup' registered successfully.
2013-11-06T03:42:48.462Z - info: 		Route 'GET /signout' registered successfully.
2013-11-06T03:42:48.462Z - info: 		Route 'GET /users/me' registered successfully.
2013-11-06T03:42:48.463Z - info: 		Route 'GET /users/:userId' registered successfully.
2013-11-06T03:42:48.464Z - info: 		Route 'POST /users' registered successfully.
2013-11-06T03:42:48.465Z - info: 		Route 'POST /users/session' registered successfully.
2013-11-06T03:42:48.466Z - info: 		Parameter adapter for parameter 'userId' registered successfully.
2013-11-06T03:42:48.467Z - info: 	Controller 'C:\dev\repos\github\temple-acm-site\app\controllers\users.js' loaded successfully.
2013-11-06T03:42:48.468Z - info: HTTP route bootstrapping complete.
2013-11-06T03:42:48.477Z - info: Server started on port 3000.
2013-11-06T03:44:18.004Z - info: Bootstrapping mongoose db connection.
2013-11-06T03:44:18.016Z - info: Mongoose db connection bootstrapping complete.
2013-11-06T03:44:18.017Z - info: Loading schema models:
2013-11-06T03:44:18.019Z - info: 	Loading model 'C:\dev\repos\github\temple-acm-site\app\models\article.js'.
2013-11-06T03:44:18.028Z - info: 	Loading model 'C:\dev\repos\github\temple-acm-site\app\models\user.js'.
2013-11-06T03:44:18.032Z - info: Schema model loading complete.
2013-11-06T03:44:18.447Z - info: Express configuration bootstrapping complete.
2013-11-06T03:44:18.449Z - info: Bootstrapping server HTTP routes:
2013-11-06T03:44:18.452Z - info: 	Loading controller 'C:\dev\repos\github\temple-acm-site\app\controllers\articles.js'.
2013-11-06T03:44:18.458Z - info: 		Route 'GET /articles' registered successfully.
2013-11-06T03:44:18.459Z - info: 		Route 'POST /articles' registered successfully.
2013-11-06T03:44:18.465Z - info: 		Route 'GET /articles/:articleId' registered successfully.
2013-11-06T03:44:18.468Z - info: 		Route 'PUT /articles/:articleId' registered successfully.
2013-11-06T03:44:18.471Z - info: 		Route 'DELETE /articles/:articleId' registered successfully.
2013-11-06T03:44:18.473Z - info: 		Parameter adapter for parameter 'articleId' registered successfully.
2013-11-06T03:44:18.476Z - info: 	Controller 'C:\dev\repos\github\temple-acm-site\app\controllers\articles.js' loaded successfully.
2013-11-06T03:44:18.484Z - info: 	Loading controller 'C:\dev\repos\github\temple-acm-site\app\controllers\root.js'.
2013-11-06T03:44:18.488Z - info: 		Route 'GET /' registered successfully.
2013-11-06T03:44:18.490Z - info: 	Controller 'C:\dev\repos\github\temple-acm-site\app\controllers\root.js' loaded successfully.
2013-11-06T03:44:18.492Z - info: 	Loading controller 'C:\dev\repos\github\temple-acm-site\app\controllers\users.js'.
2013-11-06T03:44:18.500Z - info: 		Route 'GET /signin' registered successfully.
2013-11-06T03:44:18.503Z - info: 		Route 'GET /signup' registered successfully.
2013-11-06T03:44:18.505Z - info: 		Route 'GET /signout' registered successfully.
2013-11-06T03:44:18.508Z - info: 		Route 'GET /users/me' registered successfully.
2013-11-06T03:44:18.515Z - info: 		Route 'GET /users/:userId' registered successfully.
2013-11-06T03:44:18.519Z - info: 		Route 'POST /users' registered successfully.
2013-11-06T03:44:18.521Z - info: 		Route 'POST /users/session' registered successfully.
2013-11-06T03:44:18.524Z - info: 		Parameter adapter for parameter 'userId' registered successfully.
2013-11-06T03:44:18.526Z - info: 	Controller 'C:\dev\repos\github\temple-acm-site\app\controllers\users.js' loaded successfully.
2013-11-06T03:44:18.534Z - info: HTTP route bootstrapping complete.
2013-11-06T03:44:18.544Z - info: Server started on port 3000.
2013-11-06T03:44:34.219Z - info: Bootstrapping mongoose db connection.
2013-11-06T03:44:34.228Z - info: Mongoose db connection bootstrapping complete.
2013-11-06T03:44:34.229Z - info: Loading schema models:
2013-11-06T03:44:34.233Z - info: 	Loading model 'C:\dev\repos\github\temple-acm-site\app\models\article.js'.
2013-11-06T03:44:34.241Z - info: 	Loading model 'C:\dev\repos\github\temple-acm-site\app\models\user.js'.
2013-11-06T03:44:34.245Z - info: Schema model loading complete.
2013-11-06T03:44:34.670Z - info: Express configuration bootstrapping complete.
2013-11-06T03:44:34.671Z - info: Bootstrapping server HTTP routes:
2013-11-06T03:44:34.675Z - info: 	Loading controller 'C:\dev\repos\github\temple-acm-site\app\controllers\articles.js'.
2013-11-06T03:44:34.681Z - info: 		Route 'GET /articles' registered successfully.
2013-11-06T03:44:34.685Z - info: 		Route 'POST /articles' registered successfully.
2013-11-06T03:44:34.688Z - info: 		Route 'GET /articles/:articleId' registered successfully.
2013-11-06T03:44:34.691Z - info: 		Route 'PUT /articles/:articleId' registered successfully.
2013-11-06T03:44:34.693Z - info: 		Route 'DELETE /articles/:articleId' registered successfully.
2013-11-06T03:44:34.701Z - info: 		Parameter adapter for parameter 'articleId' registered successfully.
2013-11-06T03:44:34.704Z - info: 	Controller 'C:\dev\repos\github\temple-acm-site\app\controllers\articles.js' loaded successfully.
2013-11-06T03:44:34.707Z - info: 	Loading controller 'C:\dev\repos\github\temple-acm-site\app\controllers\root.js'.
2013-11-06T03:44:34.710Z - info: 		Route 'GET /' registered successfully.
2013-11-06T03:44:34.718Z - info: 	Controller 'C:\dev\repos\github\temple-acm-site\app\controllers\root.js' loaded successfully.
2013-11-06T03:44:34.721Z - info: 	Loading controller 'C:\dev\repos\github\temple-acm-site\app\controllers\users.js'.
2013-11-06T03:44:34.726Z - info: 		Route 'GET /signin' registered successfully.
2013-11-06T03:44:34.727Z - info: 		Route 'GET /signup' registered successfully.
2013-11-06T03:44:34.734Z - info: 		Route 'GET /signout' registered successfully.
2013-11-06T03:44:34.737Z - info: 		Route 'GET /users/me' registered successfully.
2013-11-06T03:44:34.739Z - info: 		Route 'GET /users/:userId' registered successfully.
2013-11-06T03:44:34.742Z - info: 		Route 'POST /users' registered successfully.
2013-11-06T03:44:34.750Z - info: 		Route 'POST /users/session' registered successfully.
2013-11-06T03:44:34.753Z - info: 		Parameter adapter for parameter 'userId' registered successfully.
2013-11-06T03:44:34.756Z - info: 	Controller 'C:\dev\repos\github\temple-acm-site\app\controllers\users.js' loaded successfully.
2013-11-06T03:44:34.758Z - info: HTTP route bootstrapping complete.
2013-11-06T03:44:34.767Z - info: Server started on port 3000.
2013-11-06T03:44:50.088Z - info: Bootstrapping mongoose db connection.
2013-11-06T03:44:50.101Z - info: Mongoose db connection bootstrapping complete.
2013-11-06T03:44:50.101Z - info: Loading schema models:
2013-11-06T03:44:50.105Z - info: 	Loading model 'C:\dev\repos\github\temple-acm-site\app\models\article.js'.
2013-11-06T03:44:50.113Z - info: 	Loading model 'C:\dev\repos\github\temple-acm-site\app\models\user.js'.
2013-11-06T03:44:50.117Z - info: Schema model loading complete.
2013-11-06T03:44:50.559Z - info: Express configuration bootstrapping complete.
2013-11-06T03:44:50.560Z - info: Bootstrapping server HTTP routes:
2013-11-06T03:44:50.568Z - info: 	Loading controller 'C:\dev\repos\github\temple-acm-site\app\controllers\articles.js'.
2013-11-06T03:44:50.574Z - info: 		Route 'GET /articles' registered successfully.
2013-11-06T03:44:50.575Z - info: 		Route 'POST /articles' registered successfully.
2013-11-06T03:44:50.578Z - info: 		Route 'GET /articles/:articleId' registered successfully.
2013-11-06T03:44:50.580Z - info: 		Route 'PUT /articles/:articleId' registered successfully.
2013-11-06T03:44:50.591Z - info: 		Route 'DELETE /articles/:articleId' registered successfully.
2013-11-06T03:44:50.594Z - info: 		Parameter adapter for parameter 'articleId' registered successfully.
2013-11-06T03:44:50.597Z - info: 	Controller 'C:\dev\repos\github\temple-acm-site\app\controllers\articles.js' loaded successfully.
2013-11-06T03:44:50.605Z - info: 	Loading controller 'C:\dev\repos\github\temple-acm-site\app\controllers\root.js'.
2013-11-06T03:44:50.608Z - info: 		Route 'GET /' registered successfully.
2013-11-06T03:44:50.611Z - info: 	Controller 'C:\dev\repos\github\temple-acm-site\app\controllers\root.js' loaded successfully.
2013-11-06T03:44:50.613Z - info: 	Loading controller 'C:\dev\repos\github\temple-acm-site\app\controllers\users.js'.
2013-11-06T03:44:50.621Z - info: 		Route 'GET /signin' registered successfully.
2013-11-06T03:44:50.624Z - info: 		Route 'GET /signup' registered successfully.
2013-11-06T03:44:50.626Z - info: 		Route 'GET /signout' registered successfully.
2013-11-06T03:44:50.629Z - info: 		Route 'GET /users/me' registered successfully.
2013-11-06T03:44:50.637Z - info: 		Route 'GET /users/:userId' registered successfully.
2013-11-06T03:44:50.639Z - info: 		Route 'POST /users' registered successfully.
2013-11-06T03:44:50.642Z - info: 		Route 'POST /users/session' registered successfully.
2013-11-06T03:44:50.645Z - info: 		Parameter adapter for parameter 'userId' registered successfully.
2013-11-06T03:44:50.647Z - info: 	Controller 'C:\dev\repos\github\temple-acm-site\app\controllers\users.js' loaded successfully.
2013-11-06T03:44:50.655Z - info: HTTP route bootstrapping complete.
2013-11-06T03:44:50.664Z - info: Server started on port 3000.
2013-11-06T03:45:13.260Z - info: Bootstrapping mongoose db connection.
2013-11-06T03:45:13.270Z - info: Mongoose db connection bootstrapping complete.
2013-11-06T03:45:13.271Z - info: Loading schema models:
2013-11-06T03:45:13.275Z - info: 	Loading model 'C:\dev\repos\github\temple-acm-site\app\models\article.js'.
2013-11-06T03:45:13.283Z - info: 	Loading model 'C:\dev\repos\github\temple-acm-site\app\models\user.js'.
2013-11-06T03:45:13.287Z - info: Schema model loading complete.
2013-11-06T03:45:13.695Z - info: Express configuration bootstrapping complete.
2013-11-06T03:45:13.696Z - info: Bootstrapping server HTTP routes:
2013-11-06T03:45:13.700Z - info: 	Loading controller 'C:\dev\repos\github\temple-acm-site\app\controllers\articles.js'.
2013-11-06T03:45:13.706Z - info: 		Route 'GET /articles' registered successfully.
2013-11-06T03:45:13.707Z - info: 		Route 'POST /articles' registered successfully.
2013-11-06T03:45:13.709Z - info: 		Route 'GET /articles/:articleId' registered successfully.
2013-11-06T03:45:13.712Z - info: 		Route 'PUT /articles/:articleId' registered successfully.
2013-11-06T03:45:13.715Z - info: 		Route 'DELETE /articles/:articleId' registered successfully.
2013-11-06T03:45:13.718Z - info: 		Parameter adapter for parameter 'articleId' registered successfully.
2013-11-06T03:45:13.726Z - info: 	Controller 'C:\dev\repos\github\temple-acm-site\app\controllers\articles.js' loaded successfully.
2013-11-06T03:45:13.729Z - info: 	Loading controller 'C:\dev\repos\github\temple-acm-site\app\controllers\root.js'.
2013-11-06T03:45:13.732Z - info: 		Route 'GET /' registered successfully.
2013-11-06T03:45:13.735Z - info: 	Controller 'C:\dev\repos\github\temple-acm-site\app\controllers\root.js' loaded successfully.
2013-11-06T03:45:13.742Z - info: 	Loading controller 'C:\dev\repos\github\temple-acm-site\app\controllers\users.js'.
2013-11-06T03:45:13.746Z - info: 		Route 'GET /signin' registered successfully.
2013-11-06T03:45:13.748Z - info: 		Route 'GET /signup' registered successfully.
2013-11-06T03:45:13.751Z - info: 		Route 'GET /signout' registered successfully.
2013-11-06T03:45:13.758Z - info: 		Route 'GET /users/me' registered successfully.
2013-11-06T03:45:13.761Z - info: 		Route 'GET /users/:userId' registered successfully.
2013-11-06T03:45:13.764Z - info: 		Route 'POST /users' registered successfully.
2013-11-06T03:45:13.766Z - info: 		Route 'POST /users/session' registered successfully.
2013-11-06T03:45:13.774Z - info: 		Parameter adapter for parameter 'userId' registered successfully.
2013-11-06T03:45:13.777Z - info: 	Controller 'C:\dev\repos\github\temple-acm-site\app\controllers\users.js' loaded successfully.
2013-11-06T03:45:13.780Z - info: HTTP route bootstrapping complete.
2013-11-06T03:45:13.789Z - info: Server started on port 3000.
